[debug] [2024-02-20T09:12:18.814Z] ----------------------------------------------------------------------
[debug] [2024-02-20T09:12:18.816Z] Command:       C:\Program Files\nodejs\node.exe C:\Users\anton\AppData\Roaming\npm\node_modules\firebase-tools\lib\bin\firebase.js init
[debug] [2024-02-20T09:12:18.816Z] CLI Version:   13.2.1
[debug] [2024-02-20T09:12:18.817Z] Platform:      win32
[debug] [2024-02-20T09:12:18.817Z] Node Version:  v18.17.1
[debug] [2024-02-20T09:12:18.818Z] Time:          Tue Feb 20 2024 11:12:18 GMT+0200 (Източноевропейско стандартно време)
[debug] [2024-02-20T09:12:18.818Z] ----------------------------------------------------------------------
[debug] 
[debug] [2024-02-20T09:12:18.826Z] > command requires scopes: ["email","openid","https://www.googleapis.com/auth/cloudplatformprojects.readonly","https://www.googleapis.com/auth/firebase","https://www.googleapis.com/auth/cloud-platform"]
[debug] [2024-02-20T09:12:18.827Z] > authorizing via signed-in user (antonmurtin@gmail.com)
[info] 
     ######## #### ########  ######## ########     ###     ######  ########
     ##        ##  ##     ## ##       ##     ##  ##   ##  ##       ##
     ######    ##  ########  ######   ########  #########  ######  ######
     ##        ##  ##    ##  ##       ##     ## ##     ##       ## ##
     ##       #### ##     ## ######## ########  ##     ##  ######  ########

You're about to initialize a Firebase project in this directory:

  C:\Users\anton\Desktop\PROJECTS\Notification

[info] 
=== Project Setup
[info] 
[info] First, let's associate this project directory with a Firebase project.
[info] You can create multiple project aliases by running firebase use --add, 
[info] but for now we'll just set up a default project.
[info] 
[debug] [2024-02-20T09:12:25.515Z] > refreshing access token with scopes: []
[debug] [2024-02-20T09:12:25.518Z] >>> [apiv2][query] POST https://www.googleapis.com/oauth2/v3/token [none]
[debug] [2024-02-20T09:12:25.518Z] >>> [apiv2][body] POST https://www.googleapis.com/oauth2/v3/token [omitted]
[debug] [2024-02-20T09:12:25.739Z] <<< [apiv2][status] POST https://www.googleapis.com/oauth2/v3/token 200
[debug] [2024-02-20T09:12:25.739Z] <<< [apiv2][body] POST https://www.googleapis.com/oauth2/v3/token [omitted]
[debug] [2024-02-20T09:12:25.758Z] >>> [apiv2][query] GET https://firebase.googleapis.com/v1beta1/projects pageSize=100
[debug] [2024-02-20T09:12:26.237Z] <<< [apiv2][status] GET https://firebase.googleapis.com/v1beta1/projects 200
[debug] [2024-02-20T09:12:26.237Z] <<< [apiv2][body] GET https://firebase.googleapis.com/v1beta1/projects [omitted]
[info] i  Using project rain-systems-shop (Rain Systems Shop) 
[info] 
=== Hosting Setup
[debug] [2024-02-20T09:12:36.896Z] >>> [apiv2][query] GET https://firebase.googleapis.com/v1beta1/projects/rain-systems-shop [none]
[debug] [2024-02-20T09:12:37.249Z] <<< [apiv2][status] GET https://firebase.googleapis.com/v1beta1/projects/rain-systems-shop 200
[debug] [2024-02-20T09:12:37.249Z] <<< [apiv2][body] GET https://firebase.googleapis.com/v1beta1/projects/rain-systems-shop {"projectId":"rain-systems-shop","projectNumber":"852948544189","displayName":"Rain Systems Shop","name":"projects/rain-systems-shop","resources":{"hostingSite":"rain-systems-shop"},"state":"ACTIVE","etag":"1_b37cc873-0476-4c7f-a70f-2e52638032ce"}
[info] 
[info] Your public directory is the folder (relative to your project directory) that
[info] will contain Hosting assets to be uploaded with firebase deploy. If you
[info] have a build process for your assets, use your build's output directory.
[info] 
